c:\users\duren\source\repos\notassimplegameengine\notassimplegameengine\debug\vc142.pdb
c:\users\duren\source\repos\notassimplegameengine\notassimplegameengine\debug\vc142.idb
c:\users\duren\source\repos\notassimplegameengine\notassimplegameengine\debug\entity.obj
c:\users\duren\source\repos\notassimplegameengine\notassimplegameengine\debug\engine.obj
c:\users\duren\source\repos\notassimplegameengine\notassimplegameengine\debug\draw.obj
c:\users\duren\source\repos\notassimplegameengine\notassimplegameengine\debug\simplecollisionmanager.obj
c:\users\duren\source\repos\notassimplegameengine\notassimplegameengine\debug\rectanglegraphic.obj
c:\users\duren\source\repos\notassimplegameengine\notassimplegameengine\debug\pongscene.obj
c:\users\duren\source\repos\notassimplegameengine\notassimplegameengine\debug\pongpaddle.obj
c:\users\duren\source\repos\notassimplegameengine\notassimplegameengine\debug\pongblockmanager.obj
c:\users\duren\source\repos\notassimplegameengine\notassimplegameengine\debug\pongblock.obj
c:\users\duren\source\repos\notassimplegameengine\notassimplegameengine\debug\pongball.obj
c:\users\duren\source\repos\notassimplegameengine\notassimplegameengine\debug\mover.obj
c:\users\duren\source\repos\notassimplegameengine\notassimplegameengine\debug\gameobjectcomponent.obj
c:\users\duren\source\repos\notassimplegameengine\notassimplegameengine\debug\fontmanager.obj
c:\users\duren\source\repos\notassimplegameengine\notassimplegameengine\debug\drawableobject.obj
c:\users\duren\source\repos\notassimplegameengine\notassimplegameengine\debug\drawablemanager.obj
c:\users\duren\source\repos\notassimplegameengine\notassimplegameengine\debug\container.obj
c:\users\duren\source\repos\notassimplegameengine\notassimplegameengine\debug\collisionmanager.obj
c:\users\duren\source\repos\notassimplegameengine\notassimplegameengine\debug\collider.obj
c:\users\duren\source\repos\notassimplegameengine\notassimplegameengine\debug\box.obj
c:\users\duren\source\repos\notassimplegameengine\notassimplegameengine\debug\basicplayer.obj
c:\users\duren\source\repos\notassimplegameengine\notassimplegameengine\debug\update.obj
c:\users\duren\source\repos\notassimplegameengine\notassimplegameengine\debug\textmanager.obj
c:\users\duren\source\repos\notassimplegameengine\notassimplegameengine\debug\testscene.obj
c:\users\duren\source\repos\notassimplegameengine\notassimplegameengine\debug\soundfilemanager.obj
c:\users\duren\source\repos\notassimplegameengine\notassimplegameengine\debug\scenemanager.obj
c:\users\duren\source\repos\notassimplegameengine\notassimplegameengine\debug\scene.obj
c:\users\duren\source\repos\notassimplegameengine\notassimplegameengine\debug\mathlib.obj
c:\users\duren\source\repos\notassimplegameengine\notassimplegameengine\debug\main.obj
c:\users\duren\source\repos\notassimplegameengine\notassimplegameengine\debug\inputmanager.obj
c:\users\duren\source\repos\notassimplegameengine\notassimplegameengine\debug\input.obj
c:\users\duren\source\repos\notassimplegameengine\notassimplegameengine\debug\gameobjectmanager.obj
c:\users\duren\source\repos\notassimplegameengine\notassimplegameengine\debug\gameobject.obj
c:\users\duren\source\repos\notassimplegameengine\debug\notassimplegameengine.exe
c:\users\duren\source\repos\notassimplegameengine\debug\notassimplegameengine.ilk
c:\users\duren\source\repos\notassimplegameengine\debug\notassimplegameengine.pdb
c:\users\duren\source\repos\notassimplegameengine\notassimplegameengine\debug\notassim.ebc1fe1d.tlog\cl.command.1.tlog
c:\users\duren\source\repos\notassimplegameengine\notassimplegameengine\debug\notassim.ebc1fe1d.tlog\cl.read.1.tlog
c:\users\duren\source\repos\notassimplegameengine\notassimplegameengine\debug\notassim.ebc1fe1d.tlog\cl.write.1.tlog
c:\users\duren\source\repos\notassimplegameengine\notassimplegameengine\debug\notassim.ebc1fe1d.tlog\link.command.1.tlog
c:\users\duren\source\repos\notassimplegameengine\notassimplegameengine\debug\notassim.ebc1fe1d.tlog\link.read.1.tlog
c:\users\duren\source\repos\notassimplegameengine\notassimplegameengine\debug\notassim.ebc1fe1d.tlog\link.write.1.tlog
